
*** Running vivado
    with args -log play_control_test.vds -m64 -product Vivado -mode batch -messageDb vivado.pb -notrace -source play_control_test.tcl


****** Vivado v2023.2 (64-bit)
  **** SW Build 4029153 on Fri Oct 13 20:13:54 MDT 2023
  **** IP Build 4028589 on Sat Oct 14 00:45:43 MDT 2023
  **** SharedData Build 4025554 on Tue Oct 10 17:18:54 MDT 2023
    ** Copyright 1986-2022 Xilinx, Inc. All Rights Reserved.
    ** Copyright 2022-2023 Advanced Micro Devices, Inc. All Rights Reserved.

source play_control_test.tcl -notrace
Command: read_checkpoint -auto_incremental -incremental /home/tamamo/Documents/ENE331_workspace/ENE331-Embedded/Note2Sound/Note2Sound.srcs/utils_1/imports/synth_1/play_control_test.dcp
INFO: [Vivado 12-5825] Read reference checkpoint from /home/tamamo/Documents/ENE331_workspace/ENE331-Embedded/Note2Sound/Note2Sound.srcs/utils_1/imports/synth_1/play_control_test.dcp for incremental synthesis
INFO: [Vivado 12-7989] Please ensure there are no constraint changes
Command: synth_design -top play_control_test -part xc7z007sclg400-1
Starting synth_design
Attempting to get a license for feature 'Synthesis' and/or device 'xc7z007s'
INFO: [Common 17-349] Got license for feature 'Synthesis' and/or device 'xc7z007s'
INFO: [Device 21-403] Loading part xc7z007sclg400-1
INFO: [Designutils 20-5440] No compile time benefit to using incremental synthesis; A full resynthesis will be run
INFO: [Designutils 20-4379] Flow is switching to default flow due to incremental criteria not met. If you would like to alter this behaviour and have the flow terminate instead, please set the following parameter config_implementation {autoIncr.Synth.RejectBehavior Terminate}
INFO: [Synth 8-7079] Multithreading enabled for synth_design using a maximum of 4 processes.
INFO: [Synth 8-7078] Launching helper process for spawning children vivado processes
INFO: [Synth 8-7075] Helper process launched with PID 234917
---------------------------------------------------------------------------------
Starting RTL Elaboration : Time (s): cpu = 00:00:02 ; elapsed = 00:00:02 . Memory (MB): peak = 2092.781 ; gain = 402.715 ; free physical = 1660 ; free virtual = 9485
---------------------------------------------------------------------------------
INFO: [Synth 8-638] synthesizing module 'play_control_test' [/home/tamamo/Documents/ENE331_workspace/ENE331-Embedded/Note2Sound/Note2Sound.srcs/sources_1/imports/LAB-src/play_control_test.vhd:48]
	Parameter BCwidth bound to: 8 - type: integer 
INFO: [Synth 8-3491] module 'music2sound' declared at '/home/tamamo/Documents/ENE331_workspace/ENE331-Embedded/Note2Sound/Note2Sound.srcs/sources_1/imports/LAB-src/music2sound.vhd:34' bound to instance 'music2sound_0' of component 'music2sound' [/home/tamamo/Documents/ENE331_workspace/ENE331-Embedded/Note2Sound/Note2Sound.srcs/sources_1/imports/LAB-src/play_control_test.vhd:384]
INFO: [Synth 8-638] synthesizing module 'music2sound' [/home/tamamo/Documents/ENE331_workspace/ENE331-Embedded/Note2Sound/Note2Sound.srcs/sources_1/imports/LAB-src/music2sound.vhd:46]
	Parameter BCwidth bound to: 8 - type: integer 
	Parameter WordWidth bound to: 12 - type: integer 
INFO: [Synth 8-3491] module 'dac' declared at '/home/tamamo/Documents/ENE331_workspace/ENE331-Embedded/Note2Sound/Note2Sound.srcs/sources_1/imports/LAB-src/delta_sigma_dac.vhd:5' bound to instance 'dac_inst' of component 'dac' [/home/tamamo/Documents/ENE331_workspace/ENE331-Embedded/Note2Sound/Note2Sound.srcs/sources_1/imports/LAB-src/music2sound.vhd:90]
INFO: [Synth 8-638] synthesizing module 'dac' [/home/tamamo/Documents/ENE331_workspace/ENE331-Embedded/Note2Sound/Note2Sound.srcs/sources_1/imports/LAB-src/delta_sigma_dac.vhd:17]
	Parameter WordWidth bound to: 12 - type: integer 
INFO: [Synth 8-256] done synthesizing module 'dac' (0#1) [/home/tamamo/Documents/ENE331_workspace/ENE331-Embedded/Note2Sound/Note2Sound.srcs/sources_1/imports/LAB-src/delta_sigma_dac.vhd:17]
INFO: [Synth 8-3491] module 'sinTab1024' declared at '/home/tamamo/Documents/ENE331_workspace/ENE331-Embedded/Note2Sound/Note2Sound.srcs/sources_1/imports/LAB-src/sinTab1024.vhd:34' bound to instance 'sinTab1024_0' of component 'sinTab1024' [/home/tamamo/Documents/ENE331_workspace/ENE331-Embedded/Note2Sound/Note2Sound.srcs/sources_1/imports/LAB-src/music2sound.vhd:95]
INFO: [Synth 8-638] synthesizing module 'sinTab1024' [/home/tamamo/Documents/ENE331_workspace/ENE331-Embedded/Note2Sound/Note2Sound.srcs/sources_1/imports/LAB-src/sinTab1024.vhd:40]
INFO: [Synth 8-256] done synthesizing module 'sinTab1024' (0#1) [/home/tamamo/Documents/ENE331_workspace/ENE331-Embedded/Note2Sound/Note2Sound.srcs/sources_1/imports/LAB-src/sinTab1024.vhd:40]
WARNING: [Synth 8-614] signal 'fsel' is read in the process but is not in the sensitivity list [/home/tamamo/Documents/ENE331_workspace/ENE331-Embedded/Note2Sound/Note2Sound.srcs/sources_1/imports/LAB-src/music2sound.vhd:103]
INFO: [Synth 8-256] done synthesizing module 'music2sound' (0#1) [/home/tamamo/Documents/ENE331_workspace/ENE331-Embedded/Note2Sound/Note2Sound.srcs/sources_1/imports/LAB-src/music2sound.vhd:46]
WARNING: [Synth 8-614] signal 'start_A' is read in the process but is not in the sensitivity list [/home/tamamo/Documents/ENE331_workspace/ENE331-Embedded/Note2Sound/Note2Sound.srcs/sources_1/imports/LAB-src/play_control_test.vhd:434]
INFO: [Synth 8-256] done synthesizing module 'play_control_test' (0#1) [/home/tamamo/Documents/ENE331_workspace/ENE331-Embedded/Note2Sound/Note2Sound.srcs/sources_1/imports/LAB-src/play_control_test.vhd:48]
WARNING: [Synth 8-7129] Port mode[3] in module music2sound is either unconnected or has no load
WARNING: [Synth 8-7129] Port mode[2] in module music2sound is either unconnected or has no load
WARNING: [Synth 8-7129] Port mode[1] in module music2sound is either unconnected or has no load
WARNING: [Synth 8-7129] Port mode[0] in module music2sound is either unconnected or has no load
---------------------------------------------------------------------------------
Finished RTL Elaboration : Time (s): cpu = 00:00:03 ; elapsed = 00:00:03 . Memory (MB): peak = 2177.719 ; gain = 487.652 ; free physical = 1561 ; free virtual = 9386
---------------------------------------------------------------------------------
---------------------------------------------------------------------------------
Start Handling Custom Attributes
---------------------------------------------------------------------------------
---------------------------------------------------------------------------------
Finished Handling Custom Attributes : Time (s): cpu = 00:00:03 ; elapsed = 00:00:03 . Memory (MB): peak = 2192.562 ; gain = 502.496 ; free physical = 1559 ; free virtual = 9385
---------------------------------------------------------------------------------
---------------------------------------------------------------------------------
Finished RTL Optimization Phase 1 : Time (s): cpu = 00:00:03 ; elapsed = 00:00:03 . Memory (MB): peak = 2192.562 ; gain = 502.496 ; free physical = 1559 ; free virtual = 9385
---------------------------------------------------------------------------------
Netlist sorting complete. Time (s): cpu = 00:00:00 ; elapsed = 00:00:00 . Memory (MB): peak = 2192.562 ; gain = 0.000 ; free physical = 1559 ; free virtual = 9385
INFO: [Project 1-570] Preparing netlist for logic optimization

Processing XDC Constraints
Initializing timing engine
Parsing XDC File [/home/tamamo/Documents/ENE331_workspace/ENE331-Embedded/Note2Sound/Note2Sound.srcs/constrs_1/imports/CoraZ7_Zynq7000/Cora-Z7-07S-Master.xdc]
Finished Parsing XDC File [/home/tamamo/Documents/ENE331_workspace/ENE331-Embedded/Note2Sound/Note2Sound.srcs/constrs_1/imports/CoraZ7_Zynq7000/Cora-Z7-07S-Master.xdc]
INFO: [Project 1-236] Implementation specific constraints were found while reading constraint file [/home/tamamo/Documents/ENE331_workspace/ENE331-Embedded/Note2Sound/Note2Sound.srcs/constrs_1/imports/CoraZ7_Zynq7000/Cora-Z7-07S-Master.xdc]. These constraints will be ignored for synthesis but will be used in implementation. Impacted constraints are listed in the file [.Xil/play_control_test_propImpl.xdc].
Resolution: To avoid this warning, move constraints listed in [.Xil/play_control_test_propImpl.xdc] to another XDC file and exclude this new file from synthesis with the used_in_synthesis property (File Properties dialog in GUI) and re-run elaboration/synthesis.
Completed Processing XDC Constraints

Netlist sorting complete. Time (s): cpu = 00:00:00 ; elapsed = 00:00:00 . Memory (MB): peak = 2337.312 ; gain = 0.000 ; free physical = 1548 ; free virtual = 9374
INFO: [Project 1-111] Unisim Transformation Summary:
No Unisim elements were transformed.

Constraint Validation Runtime : Time (s): cpu = 00:00:00 ; elapsed = 00:00:00 . Memory (MB): peak = 2337.348 ; gain = 0.000 ; free physical = 1548 ; free virtual = 9374
INFO: [Designutils 20-5440] No compile time benefit to using incremental synthesis; A full resynthesis will be run
INFO: [Designutils 20-4379] Flow is switching to default flow due to incremental criteria not met. If you would like to alter this behaviour and have the flow terminate instead, please set the following parameter config_implementation {autoIncr.Synth.RejectBehavior Terminate}
---------------------------------------------------------------------------------
Finished Constraint Validation : Time (s): cpu = 00:00:06 ; elapsed = 00:00:06 . Memory (MB): peak = 2337.348 ; gain = 647.281 ; free physical = 1547 ; free virtual = 9372
---------------------------------------------------------------------------------
---------------------------------------------------------------------------------
Start Loading Part and Timing Information
---------------------------------------------------------------------------------
Loading part: xc7z007sclg400-1
---------------------------------------------------------------------------------
Finished Loading Part and Timing Information : Time (s): cpu = 00:00:06 ; elapsed = 00:00:06 . Memory (MB): peak = 2337.348 ; gain = 647.281 ; free physical = 1547 ; free virtual = 9372
---------------------------------------------------------------------------------
---------------------------------------------------------------------------------
Start Applying 'set_property' XDC Constraints
---------------------------------------------------------------------------------
---------------------------------------------------------------------------------
Finished applying 'set_property' XDC Constraints : Time (s): cpu = 00:00:06 ; elapsed = 00:00:06 . Memory (MB): peak = 2337.348 ; gain = 647.281 ; free physical = 1547 ; free virtual = 9372
---------------------------------------------------------------------------------
INFO: [Synth 8-802] inferred FSM for state register 'state_reg_reg' in module 'play_control_test'
---------------------------------------------------------------------------------------------------
                   State |                     New Encoding |                Previous Encoding 
---------------------------------------------------------------------------------------------------
                    idle |                              000 |                              000
                     ffl |                              001 |                              011
                     frl |                              010 |                              100
                      pr |                              011 |                              010
                      pf |                              100 |                              001
                    done |                              101 |                              101
---------------------------------------------------------------------------------------------------
INFO: [Synth 8-3354] encoded FSM with state register 'state_reg_reg' using encoding 'sequential' in module 'play_control_test'
---------------------------------------------------------------------------------
Finished RTL Optimization Phase 2 : Time (s): cpu = 00:00:06 ; elapsed = 00:00:06 . Memory (MB): peak = 2337.348 ; gain = 647.281 ; free physical = 1543 ; free virtual = 9369
---------------------------------------------------------------------------------
---------------------------------------------------------------------------------
Start RTL Component Statistics 
---------------------------------------------------------------------------------
Detailed RTL Component Info : 
+---Adders : 
	   3 Input   14 Bit       Adders := 1     
	   2 Input   13 Bit       Adders := 1     
	   2 Input   10 Bit       Adders := 5     
	   2 Input    8 Bit       Adders := 1     
+---Registers : 
	               14 Bit    Registers := 1     
	               13 Bit    Registers := 1     
	               12 Bit    Registers := 1     
	               10 Bit    Registers := 4     
	                8 Bit    Registers := 1     
	                1 Bit    Registers := 3     
+---Muxes : 
	   2 Input   13 Bit        Muxes := 3     
	   2 Input   12 Bit        Muxes := 4     
	   2 Input   10 Bit        Muxes := 5     
	   6 Input   10 Bit        Muxes := 1     
	 269 Input   10 Bit        Muxes := 1     
	   2 Input    9 Bit        Muxes := 3     
	   2 Input    8 Bit        Muxes := 3     
	  26 Input    3 Bit        Muxes := 1     
	   2 Input    1 Bit        Muxes := 5     
	   3 Input    1 Bit        Muxes := 1     
	   6 Input    1 Bit        Muxes := 3     
---------------------------------------------------------------------------------
Finished RTL Component Statistics 
---------------------------------------------------------------------------------
---------------------------------------------------------------------------------
Start Part Resource Summary
---------------------------------------------------------------------------------
Part Resources:
DSPs: 66 (col length:40)
BRAMs: 100 (col length: RAMB18 40 RAMB36 20)
---------------------------------------------------------------------------------
Finished Part Resource Summary
---------------------------------------------------------------------------------
---------------------------------------------------------------------------------
Start Cross Boundary and Area Optimization
---------------------------------------------------------------------------------
WARNING: [Synth 8-7080] Parallel synthesis criteria is not met
---------------------------------------------------------------------------------
Finished Cross Boundary and Area Optimization : Time (s): cpu = 00:00:11 ; elapsed = 00:00:11 . Memory (MB): peak = 2337.348 ; gain = 647.281 ; free physical = 1508 ; free virtual = 9339
---------------------------------------------------------------------------------
---------------------------------------------------------------------------------
Start ROM, RAM, DSP, Shift Register and Retiming Reporting
---------------------------------------------------------------------------------

ROM: Preliminary Mapping Report
+------------------+------------+---------------+----------------+
|Module Name       | RTL Object | Depth x Width | Implemented As | 
+------------------+------------+---------------+----------------+
|sinTab1024        | ROM        | 256x12        | LUT            | 
|music2sound       | freqTab[0] | 128x13        | LUT            | 
|play_control_test | p_0_out    | 256x12        | LUT            | 
+------------------+------------+---------------+----------------+

---------------------------------------------------------------------------------
Finished ROM, RAM, DSP, Shift Register and Retiming Reporting
---------------------------------------------------------------------------------
---------------------------------------------------------------------------------
Start Applying XDC Timing Constraints
---------------------------------------------------------------------------------
---------------------------------------------------------------------------------
Finished Applying XDC Timing Constraints : Time (s): cpu = 00:00:13 ; elapsed = 00:00:13 . Memory (MB): peak = 2337.348 ; gain = 647.281 ; free physical = 1507 ; free virtual = 9338
---------------------------------------------------------------------------------
---------------------------------------------------------------------------------
Start Timing Optimization
---------------------------------------------------------------------------------
---------------------------------------------------------------------------------
Finished Timing Optimization : Time (s): cpu = 00:00:14 ; elapsed = 00:00:14 . Memory (MB): peak = 2337.348 ; gain = 647.281 ; free physical = 1506 ; free virtual = 9337
---------------------------------------------------------------------------------
---------------------------------------------------------------------------------
Start Technology Mapping
---------------------------------------------------------------------------------
---------------------------------------------------------------------------------
Finished Technology Mapping : Time (s): cpu = 00:00:14 ; elapsed = 00:00:14 . Memory (MB): peak = 2337.348 ; gain = 647.281 ; free physical = 1506 ; free virtual = 9337
---------------------------------------------------------------------------------
---------------------------------------------------------------------------------
Start IO Insertion
---------------------------------------------------------------------------------
---------------------------------------------------------------------------------
Start Flattening Before IO Insertion
---------------------------------------------------------------------------------
---------------------------------------------------------------------------------
Finished Flattening Before IO Insertion
---------------------------------------------------------------------------------
---------------------------------------------------------------------------------
Start Final Netlist Cleanup
---------------------------------------------------------------------------------
---------------------------------------------------------------------------------
Finished Final Netlist Cleanup
---------------------------------------------------------------------------------
---------------------------------------------------------------------------------
Finished IO Insertion : Time (s): cpu = 00:00:16 ; elapsed = 00:00:16 . Memory (MB): peak = 2337.348 ; gain = 647.281 ; free physical = 1506 ; free virtual = 9337
---------------------------------------------------------------------------------
---------------------------------------------------------------------------------
Start Renaming Generated Instances
---------------------------------------------------------------------------------
---------------------------------------------------------------------------------
Finished Renaming Generated Instances : Time (s): cpu = 00:00:16 ; elapsed = 00:00:16 . Memory (MB): peak = 2337.348 ; gain = 647.281 ; free physical = 1506 ; free virtual = 9337
---------------------------------------------------------------------------------
---------------------------------------------------------------------------------
Start Rebuilding User Hierarchy
---------------------------------------------------------------------------------
---------------------------------------------------------------------------------
Finished Rebuilding User Hierarchy : Time (s): cpu = 00:00:16 ; elapsed = 00:00:16 . Memory (MB): peak = 2337.348 ; gain = 647.281 ; free physical = 1506 ; free virtual = 9337
---------------------------------------------------------------------------------
---------------------------------------------------------------------------------
Start Renaming Generated Ports
---------------------------------------------------------------------------------
---------------------------------------------------------------------------------
Finished Renaming Generated Ports : Time (s): cpu = 00:00:16 ; elapsed = 00:00:16 . Memory (MB): peak = 2337.348 ; gain = 647.281 ; free physical = 1506 ; free virtual = 9337
---------------------------------------------------------------------------------
---------------------------------------------------------------------------------
Start Handling Custom Attributes
---------------------------------------------------------------------------------
---------------------------------------------------------------------------------
Finished Handling Custom Attributes : Time (s): cpu = 00:00:16 ; elapsed = 00:00:16 . Memory (MB): peak = 2337.348 ; gain = 647.281 ; free physical = 1506 ; free virtual = 9337
---------------------------------------------------------------------------------
---------------------------------------------------------------------------------
Start Renaming Generated Nets
---------------------------------------------------------------------------------
---------------------------------------------------------------------------------
Finished Renaming Generated Nets : Time (s): cpu = 00:00:16 ; elapsed = 00:00:16 . Memory (MB): peak = 2337.348 ; gain = 647.281 ; free physical = 1506 ; free virtual = 9337
---------------------------------------------------------------------------------
---------------------------------------------------------------------------------
Start Writing Synthesis Report
---------------------------------------------------------------------------------

Report BlackBoxes: 
+-+--------------+----------+
| |BlackBox name |Instances |
+-+--------------+----------+
+-+--------------+----------+

Report Cell Usage: 
+------+-------+------+
|      |Cell   |Count |
+------+-------+------+
|1     |BUFG   |     1|
|2     |CARRY4 |    15|
|3     |LUT1   |     4|
|4     |LUT2   |    94|
|5     |LUT3   |    59|
|6     |LUT4   |    55|
|7     |LUT5   |    56|
|8     |LUT6   |   204|
|9     |MUXF7  |     7|
|10    |FDCE   |    94|
|11    |FDPE   |    32|
|12    |FDRE   |    12|
|13    |LDC    |    13|
|14    |IBUF   |     5|
|15    |OBUF   |     3|
+------+-------+------+
---------------------------------------------------------------------------------
Finished Writing Synthesis Report : Time (s): cpu = 00:00:16 ; elapsed = 00:00:16 . Memory (MB): peak = 2337.348 ; gain = 647.281 ; free physical = 1506 ; free virtual = 9337
---------------------------------------------------------------------------------
Synthesis finished with 0 errors, 0 critical warnings and 1 warnings.
Synthesis Optimization Runtime : Time (s): cpu = 00:00:15 ; elapsed = 00:00:15 . Memory (MB): peak = 2337.348 ; gain = 502.496 ; free physical = 1505 ; free virtual = 9336
Synthesis Optimization Complete : Time (s): cpu = 00:00:16 ; elapsed = 00:00:16 . Memory (MB): peak = 2337.348 ; gain = 647.281 ; free physical = 1505 ; free virtual = 9336
INFO: [Project 1-571] Translating synthesized netlist
Netlist sorting complete. Time (s): cpu = 00:00:00 ; elapsed = 00:00:00.01 . Memory (MB): peak = 2337.348 ; gain = 0.000 ; free physical = 1788 ; free virtual = 9619
INFO: [Netlist 29-17] Analyzing 35 Unisim elements for replacement
INFO: [Netlist 29-28] Unisim Transformation completed in 0 CPU seconds
INFO: [Project 1-570] Preparing netlist for logic optimization
INFO: [Opt 31-138] Pushed 0 inverter(s) to 0 load pin(s).
Netlist sorting complete. Time (s): cpu = 00:00:00 ; elapsed = 00:00:00 . Memory (MB): peak = 2337.348 ; gain = 0.000 ; free physical = 1788 ; free virtual = 9619
INFO: [Project 1-111] Unisim Transformation Summary:
  A total of 13 instances were transformed.
  LDC => LDCE: 13 instances

Synth Design complete | Checksum: 5e084c9a
INFO: [Common 17-83] Releasing license: Synthesis
34 Infos, 7 Warnings, 0 Critical Warnings and 0 Errors encountered.
synth_design completed successfully
synth_design: Time (s): cpu = 00:00:20 ; elapsed = 00:00:18 . Memory (MB): peak = 2337.348 ; gain = 968.523 ; free physical = 1788 ; free virtual = 9619
INFO: [Common 17-2834] synth_design peak Physical Memory [PSS] (MB): overall = 1829.497; main = 1513.063; forked = 356.963
INFO: [Common 17-2834] synth_design peak Virtual Memory [VSS] (MB): overall = 3293.809; main = 2337.316; forked = 988.508
Write ShapeDB Complete: Time (s): cpu = 00:00:00 ; elapsed = 00:00:00 . Memory (MB): peak = 2361.324 ; gain = 0.000 ; free physical = 1787 ; free virtual = 9618
INFO: [Common 17-1381] The checkpoint '/home/tamamo/Documents/ENE331_workspace/ENE331-Embedded/Note2Sound/Note2Sound.runs/synth_1/play_control_test.dcp' has been generated.
INFO: [runtcl-4] Executing : report_utilization -file play_control_test_utilization_synth.rpt -pb play_control_test_utilization_synth.pb
INFO: [Common 17-206] Exiting Vivado at Wed Mar  6 20:11:51 2024...
