
*** Running vivado
    with args -log design_1_PWM_0_0.vds -m64 -product Vivado -mode batch -messageDb vivado.pb -notrace -source design_1_PWM_0_0.tcl


****** Vivado v2023.2 (64-bit)
  **** SW Build 4029153 on Fri Oct 13 20:13:54 MDT 2023
  **** IP Build 4028589 on Sat Oct 14 00:45:43 MDT 2023
  **** SharedData Build 4025554 on Tue Oct 10 17:18:54 MDT 2023
    ** Copyright 1986-2022 Xilinx, Inc. All Rights Reserved.
    ** Copyright 2022-2023 Advanced Micro Devices, Inc. All Rights Reserved.

source design_1_PWM_0_0.tcl -notrace
INFO: [IP_Flow 19-234] Refreshing IP repositories
INFO: [IP_Flow 19-1700] Loaded user IP repository '/home/tamamo/Documents/ENE331_workspace/ENE331-Embedded/Cora-Z7-07S-XADC-hw.xpr/hw/hw.ipdefs/repo'.
INFO: [IP_Flow 19-2313] Loaded Vivado IP repository '/usr/local/Xilinx/Vivado/2023.2/data/ip'.
INFO: [IP_Flow 19-6924] IPCACHE: Running cache check for IP inst: design_1_PWM_0_0
INFO: [IP_Flow 19-6922] IPCACHE: Exporting cached entry bee45264e5716e34 to dir: /home/tamamo/Documents/ENE331_workspace/ENE331-Embedded/Cora-Z7-07S-XADC-hw.xpr/hw/hw.runs/design_1_PWM_0_0_synth_1
INFO: [IP_Flow 19-6928] IPCACHE: copied cached file /home/tamamo/Documents/ENE331_workspace/ENE331-Embedded/Cora-Z7-07S-XADC-hw.xpr/hw/hw.cache/ip/2023.2/b/e/bee45264e5716e34/design_1_PWM_0_0_stub.vhdl to /home/tamamo/Documents/ENE331_workspace/ENE331-Embedded/Cora-Z7-07S-XADC-hw.xpr/hw/hw.runs/design_1_PWM_0_0_synth_1/design_1_PWM_0_0_stub.vhdl.
INFO: [IP_Flow 19-6928] IPCACHE: copied cached file /home/tamamo/Documents/ENE331_workspace/ENE331-Embedded/Cora-Z7-07S-XADC-hw.xpr/hw/hw.cache/ip/2023.2/b/e/bee45264e5716e34/design_1_PWM_0_0_stub.v to /home/tamamo/Documents/ENE331_workspace/ENE331-Embedded/Cora-Z7-07S-XADC-hw.xpr/hw/hw.runs/design_1_PWM_0_0_synth_1/design_1_PWM_0_0_stub.v.
INFO: [IP_Flow 19-6928] IPCACHE: copied cached file /home/tamamo/Documents/ENE331_workspace/ENE331-Embedded/Cora-Z7-07S-XADC-hw.xpr/hw/hw.cache/ip/2023.2/b/e/bee45264e5716e34/design_1_PWM_0_0_sim_netlist.vhdl to /home/tamamo/Documents/ENE331_workspace/ENE331-Embedded/Cora-Z7-07S-XADC-hw.xpr/hw/hw.runs/design_1_PWM_0_0_synth_1/design_1_PWM_0_0_sim_netlist.vhdl.
INFO: [IP_Flow 19-6928] IPCACHE: copied cached file /home/tamamo/Documents/ENE331_workspace/ENE331-Embedded/Cora-Z7-07S-XADC-hw.xpr/hw/hw.cache/ip/2023.2/b/e/bee45264e5716e34/design_1_PWM_0_0_sim_netlist.v to /home/tamamo/Documents/ENE331_workspace/ENE331-Embedded/Cora-Z7-07S-XADC-hw.xpr/hw/hw.runs/design_1_PWM_0_0_synth_1/design_1_PWM_0_0_sim_netlist.v.
INFO: [IP_Flow 19-6928] IPCACHE: copied cached file /home/tamamo/Documents/ENE331_workspace/ENE331-Embedded/Cora-Z7-07S-XADC-hw.xpr/hw/hw.cache/ip/2023.2/b/e/bee45264e5716e34/design_1_PWM_0_0.dcp to /home/tamamo/Documents/ENE331_workspace/ENE331-Embedded/Cora-Z7-07S-XADC-hw.xpr/hw/hw.runs/design_1_PWM_0_0_synth_1/design_1_PWM_0_0.dcp.
INFO: [IP_Flow 19-4838] Using cached IP synthesis design for IP design_1_PWM_0_0, cache-ID = bee45264e5716e34.
INFO: [Common 17-206] Exiting Vivado at Wed Mar 27 18:00:54 2024...
